Running: fuse.exe -relaunch -intstyle "ise" -incremental -lib "unisims_ver" -lib "unimacro_ver" -lib "xilinxcorelib_ver" -lib "secureip" -o "D:/Verilog/proyectofinal/main_tb_isim_beh.exe" -prj "D:/Verilog/proyectofinal/main_tb_beh.prj" "work.main_tb" "work.glbl" 
ISim P.20131013 (signature 0x7708f090)
Number of CPUs detected in this system: 4
Turning on mult-threading, number of parallel sub-compilation jobs: 8 
Determining compilation order of HDL files
Analyzing Verilog file "D:/Verilog/proyectofinal/sumador.v" into library work
Analyzing Verilog file "D:/Verilog/proyectofinal/registro.v" into library work
Analyzing Verilog file "D:/Verilog/proyectofinal/mux.v" into library work
Analyzing Verilog file "D:/Verilog/proyectofinal/memoria.v" into library work
Analyzing Verilog file "D:/Verilog/proyectofinal/fsm.v" into library work
Analyzing Verilog file "D:/Verilog/proyectofinal/contador.v" into library work
Analyzing Verilog file "D:/Verilog/proyectofinal/Main.v" into library work
Analyzing Verilog file "D:/Verilog/proyectofinal/main_tb.v" into library work
Analyzing Verilog file "C:/Xilinx/14.7/ISE_DS/ISE//verilog/src/glbl.v" into library work
Starting static elaboration
Completed static elaboration
Compiling module fsm
Compiling module contador
Compiling module registro
Compiling module sumador
Compiling module mux
Compiling module memoria
Compiling module Main
Compiling module main_tb
Compiling module glbl
Time Resolution for simulation is 1ps.
Waiting for 2 sub-compilation(s) to finish...
Compiled 9 Verilog Units
Built simulation executable D:/Verilog/proyectofinal/main_tb_isim_beh.exe
Fuse Memory Usage: 29460 KB
Fuse CPU Usage: 499 ms
