Command line:
   memoria_tb_isim_beh.exe
     -simmode  gui
     -simrunnum  0
     -socket  63646

Fri Feb 04 14:16:28 2022


 Elaboration Time: 0.046875 sec

 Current Memory Usage: 5149.73 Meg

 Total Signals          : 19
 Total Nets             : 48
 Total Signal Drivers   : 10
 Total Blocks           : 3
 Total Primitive Blocks : 2
 Total Processes        : 14
 Total Traceable Variables  : 23
 Total Scalar Nets and Variables : 597
Total Line Count : 40

 Total Simulation Time: 0.390625 sec

 Current Memory Usage: 4677.87 Meg

Fri Feb 04 14:25:15 2022

